app/build/outputs/mapping/release/seeds.txt
com.healthyscan.app.data.local.FavoriteDao_Impl$5
com.healthyscan.app.data.remote.UpcItemDbResponse
com.healthyscan.app.data.remote.OffSearchResponse
com.healthyscan.app.data.remote.OpenFoodFactsApi$Companion
com.healthyscan.app.data.local.FavoriteDao_Impl$6
com.healthyscan.app.data.local.FavoriteDao_Impl$3
com.healthyscan.app.data.backup.BackupManager$exportJson$1
com.healthyscan.app.data.local.FavoriteDao_Impl$1
com.healthyscan.app.data.local.ScanHistoryDao_Impl
com.healthyscan.app.data.local.ScanHistoryDao
com.healthyscan.app.data.model.ProductCategory
com.healthyscan.app.data.local.ScanHistoryDao_Impl$2
com.healthyscan.app.data.local.BasketDao_Impl$8
com.healthyscan.app.data.local.BasketDao_Impl$5
com.healthyscan.app.data.local.FavoriteEntity
com.healthyscan.app.MainActivity
com.healthyscan.app.data.model.Ingredient
com.healthyscan.app.data.local.FavoriteDao_Impl$10
com.healthyscan.app.data.model.ScoreBand
com.healthyscan.app.data.local.BasketItemEntity
com.healthyscan.app.data.local.BasketDao_Impl$2
com.healthyscan.app.data.local.BasketDao_Impl
com.healthyscan.app.data.model.IngredientCategory
com.healthyscan.app.data.model.HealthScoreResult
com.healthyscan.app.data.local.ScanHistoryDao_Impl$12
com.healthyscan.app.data.model.Product
com.healthyscan.app.data.local.BasketDao
com.healthyscan.app.data.local.BasketDao_Impl$4
com.healthyscan.app.data.local.FavoriteDao_Impl$8
com.healthyscan.app.data.local.BasketDao_Impl$7
com.healthyscan.app.data.local.ScanHistoryDao_Impl$7
com.healthyscan.app.data.local.ScanHistoryDao_Impl$8
com.healthyscan.app.data.remote.UpcItemDbMapper
com.healthyscan.app.data.local.ScanHistoryDao_Impl$11
com.healthyscan.app.data.backup.BackupData
com.healthyscan.app.data.local.BasketDao_Impl$3
com.healthyscan.app.data.backup.BackupManager
com.healthyscan.app.HealthyScanApp
com.healthyscan.app.data.remote.OffIngredient
com.healthyscan.app.data.local.ScanHistoryDao_Impl$9
com.healthyscan.app.data.remote.OffProduct
com.healthyscan.app.data.backup.BackupImportResult$Success
com.healthyscan.app.data.local.FavoriteDao
com.healthyscan.app.data.local.ScanHistoryDao_Impl$5
com.healthyscan.app.data.remote.RetrofitClient
com.healthyscan.app.data.local.AppDatabase$Companion
com.healthyscan.app.data.remote.ProductMapper
com.healthyscan.app.data.local.FavoriteDao_Impl$7
com.healthyscan.app.data.remote.OffProductResponse
com.healthyscan.app.data.backup.BackupImportResult$Failure
com.healthyscan.app.data.remote.OffNutriments
com.healthyscan.app.data.local.AppDatabase_Impl
com.healthyscan.app.data.remote.OffWriteResponse
com.healthyscan.app.data.local.ScanHistoryEntity
com.healthyscan.app.data.local.ScanHistoryDao_Impl$6
com.healthyscan.app.data.model.NutritionFacts
com.healthyscan.app.data.local.FavoriteDao_Impl$9
com.healthyscan.app.data.local.ScanHistoryDao_Impl$3
com.healthyscan.app.data.remote.OpenFoodFactsApi$DefaultImpls
com.healthyscan.app.data.model.FactorBreakdown
com.healthyscan.app.data.local.ScanHistoryDao_Impl$1
com.healthyscan.app.data.backup.BackupImportResult
com.healthyscan.app.data.local.ScanHistoryDao_Impl$4
com.healthyscan.app.data.local.FavoriteDao_Impl
com.healthyscan.app.data.model.Additive
com.healthyscan.app.data.local.BasketDao_Impl$6
com.healthyscan.app.data.remote.UpcItemDbItem
com.healthyscan.app.data.local.ScanHistoryDao_Impl$10
com.healthyscan.app.data.remote.UpcItemDbApi
com.healthyscan.app.data.local.FavoriteDao_Impl$4
com.healthyscan.app.data.local.FavoriteDao_Impl$2
com.healthyscan.app.data.local.BasketDao_Impl$1
com.healthyscan.app.data.remote.AdditiveLookup
com.healthyscan.app.data.local.AppDatabase_Impl$1
com.healthyscan.app.data.model.PersonalizedScoreResult
com.healthyscan.app.data.model.ScoreBand$Companion
com.healthyscan.app.data.remote.OpenFoodFactsApi
com.healthyscan.app.data.backup.BackupManager$importJson$1
com.healthyscan.app.data.local.AppDatabase
com.healthyscan.app.data.model.NutrientLevel
...
com.google.android.material.chip.Chip: float getTextStartPadding()
com.google.mlkit.common.sdkinternal.SharedPrefManager: long getModelFirstUseTimeMs(com.google.mlkit.common.model.RemoteModel)
com.google.mlkit.common.MlKitException: MlKitException(java.lang.String,int,java.lang.Throwable)
com.google.mlkit.vision.barcode.bundled.R: R()
com.google.android.material.checkbox.MaterialCheckBox: void setButtonIconDrawableResource(int)
androidx.compose.ui.input.pointer.util.VelocityTracker1D$Strategy: androidx.compose.ui.input.pointer.util.VelocityTracker1D$Strategy valueOf(java.lang.String)
androidx.camera.view.PreviewView: void setScaleType(androidx.camera.view.PreviewView$ScaleType)
com.google.android.material.chip.Chip: float getChipStartPadding()
androidx.appcompat.widget.AppCompatButton: android.graphics.PorterDuff$Mode getSupportBackgroundTintMode()
com.googlecode.tesseract.android.TessBaseAPI: java.lang.String getHOCRText(int)
androidx.camera.core.ImageProcessingUtil: int nativeWriteJpegToSurface(byte[],android.view.Surface)
androidx.appcompat.widget.AppCompatImageButton: android.graphics.PorterDuff$Mode getSupportBackgroundTintMode()
androidx.activity.Api34Impl: int swipeEdge(android.window.BackEvent)
com.google.mlkit.common.sdkinternal.model.RemoteModelDownloadManager: com.google.mlkit.common.sdkinternal.model.RemoteModelDownloadManager getInstance(com.google.mlkit.common.sdkinternal.MlKitContext,com.google.mlkit.common.model.RemoteModel,com.google.mlkit.common.sdkinternal.model.ModelFileHelper,com.google.mlkit.common.sdkinternal.model.RemoteModelFileManager,com.google.mlkit.common.sdkinternal.model.ModelInfoRetrieverInterop)
androidx.core.graphics.drawable.IconCompat$Api26Impl: android.graphics.drawable.Icon createWithAdaptiveBitmap(android.graphics.Bitmap)
androidx.compose.ui.platform.AndroidComposeView: boolean getShowLayoutBounds()
com.google.mlkit.common.model.RemoteModel: int hashCode()
com.google.android.material.timepicker.ClockFaceView: ClockFaceView(android.content.Context,android.util.AttributeSet)
com.google.mlkit.common.sdkinternal.zzb: void run()
com.google.mlkit.common.sdkinternal.model.zza: zza(com.google.mlkit.common.sdkinternal.model.LegacyModelMigrator)
okhttp3.TlsVersion: okhttp3.TlsVersion[] values()
com.google.android.material.textfield.TextInputLayout: java.lang.CharSequence getPrefixText()
androidx.appcompat.view.menu.ListMenuItemView: void setChecked(boolean)
com.google.mlkit.common.sdkinternal.model.ModelFileHelper: void deleteAllModels(com.google.mlkit.common.sdkinternal.ModelType,java.lang.String)
androidx.compose.ui.platform.coreshims.ContentCaptureSessionCompat$Api34Impl: void notifyViewsAppeared(android.view.contentcapture.ContentCaptureSession,java.util.List)
com.google.android.material.internal.NavigationMenuItemView: void setTextColor(android.content.res.ColorStateList)
androidx.appcompat.widget.ActionBarOverlayLayout: void setWindowCallback(android.view.Window$Callback)
com.google.mlkit.vision.common.InputImage: com.google.mlkit.vision.common.InputImage fromMediaImage(android.media.Image,int)
com.google.android.material.textfield.TextInputLayout: android.content.res.ColorStateList getPlaceholderTextColor()
com.google.android.material.chip.Chip: void setSingleLine(boolean)
com.google.mlkit.vision.common.zza: boolean equals(java.lang.Object)
androidx.camera.lifecycle.LifecycleCameraRepository$LifecycleCameraRepositoryObserver: void onStop(androidx.lifecycle.LifecycleOwner)
androidx.compose.foundation.text.input.internal.HandwritingGestureApi34: int performJoinOrSplitGesture(androidx.compose.foundation.text.input.internal.TransformedTextFieldState,android.view.inputmethod.JoinOrSplitGesture,androidx.compose.foundation.text.input.internal.TextLayoutState,androidx.compose.ui.platform.ViewConfiguration)
com.google.android.material.radiobutton.MaterialRadioButton: void setUseMaterialThemeColors(boolean)
com.googlecode.tesseract.android.TessBaseAPI: void setImage(java.io.File)