app/build/outputs/mapping/release/usage.txt
com.healthyscan.app.BuildConfig
com.healthyscan.app.MainActivity:
    public static final int $stable
com.healthyscan.app.R$anim
com.healthyscan.app.R$color
com.healthyscan.app.R$drawable:
    public static int ic_launcher_background
    public static int splash_placeholder
    private void <init>()
com.healthyscan.app.R$mipmap
com.healthyscan.app.R$string:
    public static int additive_role
    public static int additive_use
    public static int app_tagline
    public static int basket_improve_body
    public static int basket_improve_title
    public static int basket_title
    public static int basket_total_score
    public static int better_alternatives_subtitle
    public static int better_alternatives_title
    public static int cd_switch_language
    public static int close
    public static int compare_all
    public static int comparison_title
    public static int cta_scan_product
    public static int disclaimer_not_medical
    public static int error_network
    public static int factor_fiber
    public static int factor_protein
    public static int factor_salt
    public static int factor_saturated_fat
    public static int factor_sugar
    public static int goal_better_nutrition
    public static int goal_calorie_control
    public static int goal_family_choices
    public static int goal_just_curious
    public static int goal_more_protein
    public static int goal_sugar_control
    public static int health_score_explainer
    public static int health_score_title
    public static int history_average_score
    public static int history_this_week
    public static int history_today
    public static int ingredient_assessment
    public static int ingredient_what_is_it
    public static int ingredient_what_it_means
    public static int ingredients_additives
com.healthyscan.app.R$style
com.healthyscan.app.R$xml
com.healthyscan.app.R
com.healthyscan.app.data.repository.ContributionResult$Failure:
    public static final int $stable
    public final java.lang.String component1()
    public final com.healthyscan.app.data.repository.ContributionResult$Failure copy(java.lang.String)
    public static synthetic com.healthyscan.app.data.repository.ContributionResult$Failure copy$default(com.healthyscan.app.data.repository.ContributionResult$Failure,java.lang.String,int,java.lang.Object)
    public final java.lang.String getMessage()
com.healthyscan.app.data.repository.ContributionResult$Success:
    public static final int $stable
com.healthyscan.app.data.repository.ContributionResult:
    public static final int $stable
com.healthyscan.app.data.repository.ProductLookupResult$Error:
    public static final int $stable
    private final java.lang.String message
    static void <clinit>()
    public void <init>(java.lang.String)
    public final java.lang.String component1()
    public final com.healthyscan.app.data.repository.ProductLookupResult$Error copy(java.lang.String)
    public static synthetic com.healthyscan.app.data.repository.ProductLookupResult$Error copy$default(com.healthyscan.app.data.repository.ProductLookupResult$Error,java.lang.String,int,java.lang.Object)
    public boolean equals(java.lang.Object)
    public final java.lang.String getMessage()
    public int hashCode()
    public java.lang.String toString()
com.healthyscan.app.data.repository.ProductLookupResult$Found:
    public final com.healthyscan.app.data.model.Product component1()
    public final com.healthyscan.app.data.model.HealthScoreResult component2()
    public final com.healthyscan.app.data.repository.ProductLookupResult$Found copy(com.healthyscan.app.data.model.Product,com.healthyscan.app.data.model.HealthScoreResult)
    public static synthetic com.healthyscan.app.data.repository.ProductLookupResult$Found copy$default(com.healthyscan.app.data.repository.ProductLookupResult$Found,com.healthyscan.app.data.model.Product,com.healthyscan.app.data.model.HealthScoreResult,int,java.lang.Object)
...
androidx.compose.material.icons.filled.FingerprintKt
androidx.compose.material.icons.filled.FireExtinguisherKt
androidx.compose.material.icons.filled.FireHydrantAltKt
androidx.compose.material.icons.filled.FireTruckKt
androidx.compose.material.icons.filled.FireplaceKt
androidx.compose.material.icons.filled.FirstPageKt
androidx.compose.material.icons.filled.FitScreenKt
androidx.compose.material.icons.filled.FitbitKt
androidx.compose.material.icons.filled.FitnessCenterKt
androidx.compose.material.icons.filled.FlagCircleKt
androidx.compose.material.icons.filled.FlagKt
androidx.compose.material.icons.filled.FlakyKt
androidx.compose.material.icons.filled.FlareKt
androidx.compose.material.icons.filled.FlashAutoKt
androidx.compose.material.icons.filled.FlashOffKt
androidx.compose.material.icons.filled.FlashOnKt
androidx.compose.material.icons.filled.FlashlightOffKt
androidx.compose.material.icons.filled.FlashlightOnKt
androidx.compose.material.icons.filled.FlatwareKt
androidx.compose.material.icons.filled.FlightClassKt
androidx.compose.material.icons.filled.FlightKt
androidx.compose.material.icons.filled.FlightLandKt
androidx.compose.material.icons.filled.FlightTakeoffKt
androidx.compose.material.icons.filled.FlipCameraAndroidKt
androidx.compose.material.icons.filled.FlipCameraIosKt
androidx.compose.material.icons.filled.FlipKt
androidx.compose.material.icons.filled.FlipToBackKt
androidx.compose.material.icons.filled.FlipToFrontKt
androidx.compose.material.icons.filled.FloodKt
androidx.compose.material.icons.filled.FlourescentKt
androidx.compose.material.icons.filled.FluorescentKt
androidx.compose.material.icons.filled.FlutterDashKt
androidx.compose.material.icons.filled.FmdBadKt
androidx.compose.material.icons.filled.FmdGoodKt
androidx.compose.material.icons.filled.FolderCopyKt
androidx.compose.material.icons.filled.FolderDeleteKt
androidx.compose.material.icons.filled.FolderKt
androidx.compose.material.icons.filled.FolderOffKt
androidx.compose.material.icons.filled.FolderOpenKt
androidx.compose.material.icons.filled.FolderSharedKt
androidx.compose.material.icons.filled.FolderSpecialKt
androidx.compose.material.icons.filled.FolderZipKt
androidx.compose.material.icons.filled.FollowTheSignsKt
androidx.compose.material.icons.filled.FontDownloadKt
androidx.compose.material.icons.filled.FontDownloadOffKt
androidx.compose.material.icons.filled.FoodBankKt
androidx.compose.material.icons.filled.ForestKt
androidx.compose.material.icons.filled.ForkLeftKt
androidx.compose.material.icons.filled.ForkRightKt
androidx.compose.material.icons.filled.FormatAlignCenterKt
androidx.compose.material.icons.filled.FormatAlignJustifyKt
androidx.compose.material.icons.filled.FormatAlignLeftKt
androidx.compose.material.icons.filled.FormatAlignRightKt
androidx.compose.material.icons.filled.FormatBoldKt
androidx.compose.material.icons.filled.FormatClearKt
androidx.compose.material.icons.filled.FormatColorFillKt
androidx.compose.material.icons.filled.FormatColorResetKt
androidx.compose.material.icons.filled.FormatColorTextKt
androidx.compose.material.icons.filled.FormatIndentDecreaseKt
androidx.compose.material.icons.filled.FormatIndentIncreaseKt
androidx.compose.material.icons.filled.FormatItalicKt
androidx.compose.material.icons.filled.FormatLineSpacingKt
androidx.compose.material.icons.filled.FormatListBulletedKt
androidx.compose.material.icons.filled.FormatListNumberedKt
androidx.compose.material.icons.filled.FormatListNumberedRtlKt
androidx.compose.material.icons.filled.FormatOverlineKt
androidx.compose.material.icons.filled.FormatPaintKt
androidx.compose.material.icons.filled.FormatQuoteKt
androidx.compose.material.icons.filled.FormatShapesKt
androidx.compose.material.icons.filled.FormatSizeKt
androidx.compose.material.icons.filled.FormatStrikethroughKt
androidx.compose.material.icons.filled.FormatTextdirectionLToRKt
androidx.compose.material.icons.filled.FormatTextdirectionRToLKt
androidx.compose.material.icons.filled.FormatUnderlinedKt